<?xml version="1.0" encoding="UTF-8"?>
<!-- Generated by org.testng.reporters.JUnitXMLReporter -->
<testsuite ignored="0" hostname="DESKTOP-M80CJ1N" failures="0" tests="7" name="Test" time="59.686" errors="0" timestamp="2022-04-29T14:17:17 IST">
  <testcase classname="TestScript.TestCase4" name="Test4" time="8.026"/>
  <testcase classname="TestScript.TestCase2" name="test" time="8.475"/>
  <testcase classname="TestScript.TestCase3" name="Test3" time="9.45"/>
  <testcase classname="TestScript.TestCase2" name="test" time="11.694"/>
  <testcase classname="TestScript.TestCase" name="testCase1" time="25.275"/>
  <testcase classname="TestScript.TestCase2" name="test" time="13.148"/>
  <testcase classname="TestScript.TestCase2" name="test" time="12.41"/>
</testsuite> <!-- Test -->
