<?xml version="1.0" encoding="UTF-8"?>
<testng-results ignored="0" total="7" passed="7" failed="0" skipped="0">
  <reporter-output>
  </reporter-output>
  <suite started-at="2022-04-29T14:16:18 IST" name="Suite" finished-at="2022-04-29T14:17:17 IST" duration-ms="59686">
    <groups>
    </groups>
    <test started-at="2022-04-29T14:16:18 IST" name="Test" finished-at="2022-04-29T14:17:17 IST" duration-ms="59686">
      <class name="TestScript.TestCase2">
        <test-method is-config="true" signature="setUp()[pri:0, instance:TestScript.TestCase2@5677323c]" started-at="2022-04-29T14:16:18 IST" name="setUp" finished-at="2022-04-29T14:16:24 IST" duration-ms="5800" status="PASS">
          <reporter-output>
          </reporter-output>
        </test-method> <!-- setUp -->
        <test-method signature="test(java.lang.String,java.lang.String)[pri:0, instance:TestScript.TestCase2@5677323c]" started-at="2022-04-29T14:16:24 IST" name="test" data-provider="data12" finished-at="2022-04-29T14:16:33 IST" duration-ms="8475" status="PASS">
          <params>
            <param index="0">
              <value>
                <![CDATA[Sachin@gmail.com]]>
              </value>
            </param>
            <param index="1">
              <value>
                <![CDATA[qwerty]]>
              </value>
            </param>
          </params>
          <reporter-output>
          </reporter-output>
        </test-method> <!-- test -->
        <test-method is-config="true" signature="teardown()[pri:0, instance:TestScript.TestCase2@5677323c]" started-at="2022-04-29T14:16:33 IST" name="teardown" finished-at="2022-04-29T14:16:33 IST" duration-ms="831" status="PASS">
          <reporter-output>
          </reporter-output>
        </test-method> <!-- teardown -->
        <test-method is-config="true" signature="setUp()[pri:0, instance:TestScript.TestCase2@5677323c]" started-at="2022-04-29T14:16:33 IST" name="setUp" finished-at="2022-04-29T14:16:35 IST" duration-ms="1521" status="PASS">
          <reporter-output>
          </reporter-output>
        </test-method> <!-- setUp -->
        <test-method signature="test(java.lang.String,java.lang.String)[pri:0, instance:TestScript.TestCase2@5677323c]" started-at="2022-04-29T14:16:35 IST" name="test" data-provider="data12" finished-at="2022-04-29T14:16:47 IST" duration-ms="11694" status="PASS">
          <params>
            <param index="0">
              <value>
                <![CDATA[Suman@gmail.com]]>
              </value>
            </param>
            <param index="1">
              <value>
                <![CDATA[Asdfgh]]>
              </value>
            </param>
          </params>
          <reporter-output>
          </reporter-output>
        </test-method> <!-- test -->
        <test-method is-config="true" signature="teardown()[pri:0, instance:TestScript.TestCase2@5677323c]" started-at="2022-04-29T14:16:47 IST" name="teardown" finished-at="2022-04-29T14:16:47 IST" duration-ms="846" status="PASS">
          <reporter-output>
          </reporter-output>
        </test-method> <!-- teardown -->
        <test-method is-config="true" signature="setUp()[pri:0, instance:TestScript.TestCase2@5677323c]" started-at="2022-04-29T14:16:47 IST" name="setUp" finished-at="2022-04-29T14:16:49 IST" duration-ms="1381" status="PASS">
          <reporter-output>
          </reporter-output>
        </test-method> <!-- setUp -->
        <test-method signature="test(java.lang.String,java.lang.String)[pri:0, instance:TestScript.TestCase2@5677323c]" started-at="2022-04-29T14:16:49 IST" name="test" data-provider="data12" finished-at="2022-04-29T14:17:02 IST" duration-ms="13148" status="PASS">
          <params>
            <param index="0">
              <value>
                <![CDATA[gagan@gmail.com]]>
              </value>
            </param>
            <param index="1">
              <value>
                <![CDATA[Zxcvbn]]>
              </value>
            </param>
          </params>
          <reporter-output>
          </reporter-output>
        </test-method> <!-- test -->
        <test-method is-config="true" signature="teardown()[pri:0, instance:TestScript.TestCase2@5677323c]" started-at="2022-04-29T14:17:02 IST" name="teardown" finished-at="2022-04-29T14:17:03 IST" duration-ms="744" status="PASS">
          <reporter-output>
          </reporter-output>
        </test-method> <!-- teardown -->
        <test-method is-config="true" signature="setUp()[pri:0, instance:TestScript.TestCase2@5677323c]" started-at="2022-04-29T14:17:03 IST" name="setUp" finished-at="2022-04-29T14:17:04 IST" duration-ms="1330" status="PASS">
          <reporter-output>
          </reporter-output>
        </test-method> <!-- setUp -->
        <test-method signature="test(java.lang.String,java.lang.String)[pri:0, instance:TestScript.TestCase2@5677323c]" started-at="2022-04-29T14:17:04 IST" name="test" data-provider="data12" finished-at="2022-04-29T14:17:17 IST" duration-ms="12410" status="PASS">
          <params>
            <param index="0">
              <value>
                <![CDATA[madan@gmail.com]]>
              </value>
            </param>
            <param index="1">
              <value>
                <![CDATA[Bannnna]]>
              </value>
            </param>
          </params>
          <reporter-output>
          </reporter-output>
        </test-method> <!-- test -->
        <test-method is-config="true" signature="teardown()[pri:0, instance:TestScript.TestCase2@5677323c]" started-at="2022-04-29T14:17:17 IST" name="teardown" finished-at="2022-04-29T14:17:17 IST" duration-ms="752" status="PASS">
          <reporter-output>
          </reporter-output>
        </test-method> <!-- teardown -->
      </class> <!-- TestScript.TestCase2 -->
      <class name="TestScript.TestCase">
        <test-method is-config="true" signature="setUp()[pri:0, instance:TestScript.TestCase@61001b64]" started-at="2022-04-29T14:16:18 IST" name="setUp" finished-at="2022-04-29T14:16:24 IST" duration-ms="6480" status="PASS">
          <reporter-output>
          </reporter-output>
        </test-method> <!-- setUp -->
        <test-method signature="testCase1()[pri:0, instance:TestScript.TestCase@61001b64]" started-at="2022-04-29T14:16:24 IST" name="testCase1" finished-at="2022-04-29T14:16:49 IST" duration-ms="25275" status="PASS">
          <reporter-output>
          </reporter-output>
        </test-method> <!-- testCase1 -->
        <test-method is-config="true" signature="teardown()[pri:0, instance:TestScript.TestCase@61001b64]" started-at="2022-04-29T14:16:49 IST" name="teardown" finished-at="2022-04-29T14:16:50 IST" duration-ms="755" status="PASS">
          <reporter-output>
          </reporter-output>
        </test-method> <!-- teardown -->
      </class> <!-- TestScript.TestCase -->
      <class name="TestScript.TestCase3">
        <test-method is-config="true" signature="setUp()[pri:0, instance:TestScript.TestCase3@18df8434]" started-at="2022-04-29T14:16:18 IST" name="setUp" finished-at="2022-04-29T14:16:24 IST" duration-ms="6487" status="PASS">
          <reporter-output>
          </reporter-output>
        </test-method> <!-- setUp -->
        <test-method signature="Test3()[pri:0, instance:TestScript.TestCase3@18df8434]" started-at="2022-04-29T14:16:24 IST" name="Test3" finished-at="2022-04-29T14:16:34 IST" duration-ms="9450" status="PASS">
          <reporter-output>
          </reporter-output>
        </test-method> <!-- Test3 -->
        <test-method is-config="true" signature="teardown()[pri:0, instance:TestScript.TestCase3@18df8434]" started-at="2022-04-29T14:16:34 IST" name="teardown" finished-at="2022-04-29T14:16:34 IST" duration-ms="837" status="PASS">
          <reporter-output>
          </reporter-output>
        </test-method> <!-- teardown -->
      </class> <!-- TestScript.TestCase3 -->
      <class name="TestScript.TestCase4">
        <test-method is-config="true" signature="setUp()[pri:0, instance:TestScript.TestCase4@65c7a252]" started-at="2022-04-29T14:16:18 IST" name="setUp" finished-at="2022-04-29T14:16:24 IST" duration-ms="6486" status="PASS">
          <reporter-output>
          </reporter-output>
        </test-method> <!-- setUp -->
        <test-method signature="Test4()[pri:0, instance:TestScript.TestCase4@65c7a252]" started-at="2022-04-29T14:16:24 IST" name="Test4" finished-at="2022-04-29T14:16:32 IST" duration-ms="8026" status="PASS">
          <reporter-output>
          </reporter-output>
        </test-method> <!-- Test4 -->
        <test-method is-config="true" signature="teardown()[pri:0, instance:TestScript.TestCase4@65c7a252]" started-at="2022-04-29T14:16:32 IST" name="teardown" finished-at="2022-04-29T14:16:33 IST" duration-ms="926" status="PASS">
          <reporter-output>
          </reporter-output>
        </test-method> <!-- teardown -->
      </class> <!-- TestScript.TestCase4 -->
    </test> <!-- Test -->
  </suite> <!-- Suite -->
</testng-results>
